2020-11-16T10:59:19.100183Z 0 [Warning] TIMESTAMP with implicit DEFAULT value is deprecated. Please use --explicit_defaults_for_timestamp server option (see documentation for more details).
2020-11-16T10:59:19.145287Z 0 [Warning] Setting lower_case_table_names=2 because file system for /var/lib/mysql/ is case insensitive
2020-11-16T10:59:22.491582Z 0 [Warning] InnoDB: New log files created, LSN=45790
2020-11-16T10:59:23.226807Z 0 [Warning] InnoDB: Creating foreign key constraint system tables.
2020-11-16T10:59:23.290878Z 0 [Warning] No existing UUID has been found, so we assume that this is the first time that this server has been started. Generating a new UUID: c906d7f8-27fa-11eb-a56a-0242ac140002.
2020-11-16T10:59:23.331602Z 0 [Warning] Gtid table is not ready to be used. Table 'mysql.gtid_executed' cannot be opened.
2020-11-16T10:59:24.770098Z 0 [Warning] CA certificate ca.pem is self signed.
2020-11-16T10:59:25.511035Z 1 [Warning] root@localhost is created with an empty password ! Please consider switching off the --initialize-insecure option.
2020-11-16T10:59:49.669480Z 0 [Warning] TIMESTAMP with implicit DEFAULT value is deprecated. Please use --explicit_defaults_for_timestamp server option (see documentation for more details).
2020-11-16T10:59:49.698562Z 0 [Note] mysqld (mysqld 5.7.32) starting as process 79 ...
2020-11-16T10:59:49.721271Z 0 [Warning] Setting lower_case_table_names=2 because file system for /var/lib/mysql/ is case insensitive
2020-11-16T10:59:49.742190Z 0 [Note] InnoDB: PUNCH HOLE support available
2020-11-16T10:59:49.745840Z 0 [Note] InnoDB: Mutexes and rw_locks use GCC atomic builtins
2020-11-16T10:59:49.749524Z 0 [Note] InnoDB: Uses event mutexes
2020-11-16T10:59:49.781279Z 0 [Note] InnoDB: GCC builtin __atomic_thread_fence() is used for memory barrier
2020-11-16T10:59:49.785347Z 0 [Note] InnoDB: Compressed tables use zlib 1.2.11
2020-11-16T10:59:49.788272Z 0 [Note] InnoDB: Using Linux native AIO
2020-11-16T10:59:49.791406Z 0 [Note] InnoDB: Number of pools: 1
2020-11-16T10:59:49.794412Z 0 [Note] InnoDB: Using CPU crc32 instructions
2020-11-16T10:59:49.800768Z 0 [Note] InnoDB: Initializing buffer pool, total size = 128M, instances = 1, chunk size = 128M
2020-11-16T10:59:49.833498Z 0 [Note] InnoDB: Completed initialization of buffer pool
2020-11-16T10:59:49.857589Z 0 [Note] InnoDB: If the mysqld execution user is authorized, page cleaner thread priority can be changed. See the man page of setpriority().
2020-11-16T10:59:50.034031Z 0 [Note] InnoDB: Highest supported file format is Barracuda.
2020-11-16T10:59:50.444310Z 0 [Note] InnoDB: Creating shared tablespace for temporary tables
2020-11-16T10:59:50.460099Z 0 [Note] InnoDB: Setting file './ibtmp1' size to 12 MB. Physically writing the file full; Please wait ...
2020-11-16T10:59:50.744540Z 0 [Note] InnoDB: File './ibtmp1' size is now 12 MB.
2020-11-16T10:59:50.775220Z 0 [Note] InnoDB: 96 redo rollback segment(s) found. 96 redo rollback segment(s) are active.
2020-11-16T10:59:50.781072Z 0 [Note] InnoDB: 32 non-redo rollback segment(s) are active.
2020-11-16T10:59:50.787647Z 0 [Note] InnoDB: 5.7.32 started; log sequence number 2747360
2020-11-16T10:59:50.790838Z 0 [Note] InnoDB: Loading buffer pool(s) from /var/lib/mysql/ib_buffer_pool
2020-11-16T10:59:50.791160Z 0 [Note] Plugin 'FEDERATED' is disabled.
2020-11-16T10:59:51.044156Z 0 [Note] Found ca.pem, server-cert.pem and server-key.pem in data directory. Trying to enable SSL support using them.
2020-11-16T10:59:51.047113Z 0 [Note] Skipping generation of SSL certificates as certificate files are present in data directory.
2020-11-16T10:59:51.077875Z 0 [Warning] CA certificate ca.pem is self signed.
2020-11-16T10:59:51.092450Z 0 [Note] Skipping generation of RSA key pair as key files are present in data directory.
2020-11-16T10:59:51.097923Z 0 [Note] InnoDB: Buffer pool(s) load completed at 201116 19:59:51
2020-11-16T10:59:51.113083Z 0 [Warning] Insecure configuration for --pid-file: Location '/var/run/mysqld' in the path is accessible to all OS users. Consider choosing a different directory.
2020-11-16T10:59:52.380332Z 0 [Note] Event Scheduler: Loaded 0 events
2020-11-16T10:59:52.382829Z 0 [Note] mysqld: ready for connections.
Version: '5.7.32'  socket: '/var/run/mysqld/mysqld.sock'  port: 0  MySQL Community Server (GPL)
2020-11-16T11:00:12.428821Z 0 [Note] Giving 0 client threads a chance to die gracefully
2020-11-16T11:00:12.431602Z 0 [Note] Shutting down slave threads
2020-11-16T11:00:12.433239Z 0 [Note] Forcefully disconnecting 0 remaining clients
2020-11-16T11:00:12.436864Z 0 [Note] Event Scheduler: Purging the queue. 0 events
2020-11-16T11:00:12.439305Z 0 [Note] Binlog end
2020-11-16T11:00:12.484146Z 0 [Note] Shutting down plugin 'ngram'
2020-11-16T11:00:12.497073Z 0 [Note] Shutting down plugin 'partition'
2020-11-16T11:00:12.507752Z 0 [Note] Shutting down plugin 'BLACKHOLE'
2020-11-16T11:00:12.516755Z 0 [Note] Shutting down plugin 'ARCHIVE'
2020-11-16T11:00:12.520785Z 0 [Note] Shutting down plugin 'PERFORMANCE_SCHEMA'
2020-11-16T11:00:12.523541Z 0 [Note] Shutting down plugin 'MRG_MYISAM'
2020-11-16T11:00:12.524684Z 0 [Note] Shutting down plugin 'MyISAM'
2020-11-16T11:00:12.526099Z 0 [Note] Shutting down plugin 'INNODB_SYS_VIRTUAL'
2020-11-16T11:00:12.527570Z 0 [Note] Shutting down plugin 'INNODB_SYS_DATAFILES'
2020-11-16T11:00:12.530028Z 0 [Note] Shutting down plugin 'INNODB_SYS_TABLESPACES'
2020-11-16T11:00:12.531727Z 0 [Note] Shutting down plugin 'INNODB_SYS_FOREIGN_COLS'
2020-11-16T11:00:12.533582Z 0 [Note] Shutting down plugin 'INNODB_SYS_FOREIGN'
2020-11-16T11:00:12.535562Z 0 [Note] Shutting down plugin 'INNODB_SYS_FIELDS'
2020-11-16T11:00:12.537360Z 0 [Note] Shutting down plugin 'INNODB_SYS_COLUMNS'
2020-11-16T11:00:12.539138Z 0 [Note] Shutting down plugin 'INNODB_SYS_INDEXES'
2020-11-16T11:00:12.541512Z 0 [Note] Shutting down plugin 'INNODB_SYS_TABLESTATS'
2020-11-16T11:00:12.543213Z 0 [Note] Shutting down plugin 'INNODB_SYS_TABLES'
2020-11-16T11:00:12.545113Z 0 [Note] Shutting down plugin 'INNODB_FT_INDEX_TABLE'
2020-11-16T11:00:12.546591Z 0 [Note] Shutting down plugin 'INNODB_FT_INDEX_CACHE'
2020-11-16T11:00:12.547714Z 0 [Note] Shutting down plugin 'INNODB_FT_CONFIG'
2020-11-16T11:00:12.549500Z 0 [Note] Shutting down plugin 'INNODB_FT_BEING_DELETED'
2020-11-16T11:00:12.551212Z 0 [Note] Shutting down plugin 'INNODB_FT_DELETED'
2020-11-16T11:00:12.553061Z 0 [Note] Shutting down plugin 'INNODB_FT_DEFAULT_STOPWORD'
2020-11-16T11:00:12.556054Z 0 [Note] Shutting down plugin 'INNODB_METRICS'
2020-11-16T11:00:12.557584Z 0 [Note] Shutting down plugin 'INNODB_TEMP_TABLE_INFO'
2020-11-16T11:00:12.559072Z 0 [Note] Shutting down plugin 'INNODB_BUFFER_POOL_STATS'
2020-11-16T11:00:12.560101Z 0 [Note] Shutting down plugin 'INNODB_BUFFER_PAGE_LRU'
2020-11-16T11:00:12.561305Z 0 [Note] Shutting down plugin 'INNODB_BUFFER_PAGE'
2020-11-16T11:00:12.562942Z 0 [Note] Shutting down plugin 'INNODB_CMP_PER_INDEX_RESET'
2020-11-16T11:00:12.564357Z 0 [Note] Shutting down plugin 'INNODB_CMP_PER_INDEX'
2020-11-16T11:00:12.565616Z 0 [Note] Shutting down plugin 'INNODB_CMPMEM_RESET'
2020-11-16T11:00:12.567329Z 0 [Note] Shutting down plugin 'INNODB_CMPMEM'
2020-11-16T11:00:12.571161Z 0 [Note] Shutting down plugin 'INNODB_CMP_RESET'
2020-11-16T11:00:12.572984Z 0 [Note] Shutting down plugin 'INNODB_CMP'
2020-11-16T11:00:12.574724Z 0 [Note] Shutting down plugin 'INNODB_LOCK_WAITS'
2020-11-16T11:00:12.576482Z 0 [Note] Shutting down plugin 'INNODB_LOCKS'
2020-11-16T11:00:12.578523Z 0 [Note] Shutting down plugin 'INNODB_TRX'
2020-11-16T11:00:12.581488Z 0 [Note] Shutting down plugin 'InnoDB'
2020-11-16T11:00:12.582719Z 0 [Note] InnoDB: FTS optimize thread exiting.
2020-11-16T11:00:12.585212Z 0 [Note] InnoDB: Starting shutdown...
2020-11-16T11:00:12.698980Z 0 [Note] InnoDB: Dumping buffer pool(s) to /var/lib/mysql/ib_buffer_pool
2020-11-16T11:00:12.745103Z 0 [Note] InnoDB: Buffer pool(s) dump completed at 201116 20:00:12
2020-11-16T11:00:15.815260Z 0 [Note] InnoDB: Shutdown completed; log sequence number 12605687
2020-11-16T11:00:15.821871Z 0 [Note] InnoDB: Removed temporary tablespace data file: "ibtmp1"
2020-11-16T11:00:15.826816Z 0 [Note] Shutting down plugin 'MEMORY'
2020-11-16T11:00:15.828843Z 0 [Note] Shutting down plugin 'CSV'
2020-11-16T11:00:15.830798Z 0 [Note] Shutting down plugin 'sha256_password'
2020-11-16T11:00:15.833418Z 0 [Note] Shutting down plugin 'mysql_native_password'
2020-11-16T11:00:15.836690Z 0 [Note] Shutting down plugin 'binlog'
2020-11-16T11:00:15.845763Z 0 [Note] mysqld: Shutdown complete

2020-11-16T11:00:16.942079Z 0 [Warning] TIMESTAMP with implicit DEFAULT value is deprecated. Please use --explicit_defaults_for_timestamp server option (see documentation for more details).
2020-11-16T11:00:16.966726Z 0 [Note] mysqld (mysqld 5.7.32) starting as process 1 ...
2020-11-16T11:00:17.002379Z 0 [Warning] Setting lower_case_table_names=2 because file system for /var/lib/mysql/ is case insensitive
2020-11-16T11:00:17.017712Z 0 [Note] InnoDB: PUNCH HOLE support available
2020-11-16T11:00:17.025193Z 0 [Note] InnoDB: Mutexes and rw_locks use GCC atomic builtins
2020-11-16T11:00:17.028296Z 0 [Note] InnoDB: Uses event mutexes
2020-11-16T11:00:17.030846Z 0 [Note] InnoDB: GCC builtin __atomic_thread_fence() is used for memory barrier
2020-11-16T11:00:17.033463Z 0 [Note] InnoDB: Compressed tables use zlib 1.2.11
2020-11-16T11:00:17.042415Z 0 [Note] InnoDB: Using Linux native AIO
2020-11-16T11:00:17.044186Z 0 [Note] InnoDB: Number of pools: 1
2020-11-16T11:00:17.048279Z 0 [Note] InnoDB: Using CPU crc32 instructions
2020-11-16T11:00:17.056098Z 0 [Note] InnoDB: Initializing buffer pool, total size = 128M, instances = 1, chunk size = 128M
2020-11-16T11:00:17.146718Z 0 [Note] InnoDB: Completed initialization of buffer pool
2020-11-16T11:00:17.162380Z 0 [Note] InnoDB: If the mysqld execution user is authorized, page cleaner thread priority can be changed. See the man page of setpriority().
2020-11-16T11:00:17.437591Z 0 [Note] InnoDB: Highest supported file format is Barracuda.
2020-11-16T11:00:17.823794Z 0 [Note] InnoDB: Creating shared tablespace for temporary tables
2020-11-16T11:00:17.837009Z 0 [Note] InnoDB: Setting file './ibtmp1' size to 12 MB. Physically writing the file full; Please wait ...
2020-11-16T11:00:18.127348Z 0 [Note] InnoDB: File './ibtmp1' size is now 12 MB.
2020-11-16T11:00:18.146349Z 0 [Note] InnoDB: 96 redo rollback segment(s) found. 96 redo rollback segment(s) are active.
2020-11-16T11:00:18.148479Z 0 [Note] InnoDB: 32 non-redo rollback segment(s) are active.
2020-11-16T11:00:18.151934Z 0 [Note] InnoDB: 5.7.32 started; log sequence number 12605687
2020-11-16T11:00:18.156702Z 0 [Note] InnoDB: Loading buffer pool(s) from /var/lib/mysql/ib_buffer_pool
2020-11-16T11:00:18.156909Z 0 [Note] Plugin 'FEDERATED' is disabled.
2020-11-16T11:00:18.305141Z 0 [Note] Found ca.pem, server-cert.pem and server-key.pem in data directory. Trying to enable SSL support using them.
2020-11-16T11:00:18.310475Z 0 [Note] Skipping generation of SSL certificates as certificate files are present in data directory.
2020-11-16T11:00:18.336493Z 0 [Warning] CA certificate ca.pem is self signed.
2020-11-16T11:00:18.339674Z 0 [Note] Skipping generation of RSA key pair as key files are present in data directory.
2020-11-16T11:00:18.356943Z 0 [Note] Server hostname (bind-address): '*'; port: 3306
2020-11-16T11:00:18.368439Z 0 [Note] IPv6 is available.
2020-11-16T11:00:18.382415Z 0 [Note]   - '::' resolves to '::';
2020-11-16T11:00:18.384381Z 0 [Note] Server socket created on IP: '::'.
2020-11-16T11:00:18.407342Z 0 [Warning] Insecure configuration for --pid-file: Location '/var/run/mysqld' in the path is accessible to all OS users. Consider choosing a different directory.
2020-11-16T11:00:18.580375Z 0 [Note] InnoDB: Buffer pool(s) load completed at 201116 20:00:18
2020-11-16T11:00:19.319812Z 0 [Note] Event Scheduler: Loaded 0 events
2020-11-16T11:00:19.323243Z 0 [Note] mysqld: ready for connections.
Version: '5.7.32'  socket: '/var/run/mysqld/mysqld.sock'  port: 3306  MySQL Community Server (GPL)
2020-11-16T11:06:26.953337Z 0 [Warning] TIMESTAMP with implicit DEFAULT value is deprecated. Please use --explicit_defaults_for_timestamp server option (see documentation for more details).
2020-11-16T11:06:26.968008Z 0 [Note] mysqld (mysqld 5.7.32) starting as process 1 ...
2020-11-16T11:06:26.984719Z 0 [Warning] Setting lower_case_table_names=2 because file system for /var/lib/mysql/ is case insensitive
2020-11-16T11:06:26.996139Z 0 [Note] InnoDB: PUNCH HOLE support available
2020-11-16T11:06:26.997855Z 0 [Note] InnoDB: Mutexes and rw_locks use GCC atomic builtins
2020-11-16T11:06:26.999296Z 0 [Note] InnoDB: Uses event mutexes
2020-11-16T11:06:27.000561Z 0 [Note] InnoDB: GCC builtin __atomic_thread_fence() is used for memory barrier
2020-11-16T11:06:27.001692Z 0 [Note] InnoDB: Compressed tables use zlib 1.2.11
2020-11-16T11:06:27.003095Z 0 [Note] InnoDB: Using Linux native AIO
2020-11-16T11:06:27.007052Z 0 [Note] InnoDB: Number of pools: 1
2020-11-16T11:06:27.012413Z 0 [Note] InnoDB: Using CPU crc32 instructions
2020-11-16T11:06:27.019169Z 0 [Note] InnoDB: Initializing buffer pool, total size = 128M, instances = 1, chunk size = 128M
2020-11-16T11:06:27.046353Z 0 [Note] InnoDB: Completed initialization of buffer pool
2020-11-16T11:06:27.052070Z 0 [Note] InnoDB: If the mysqld execution user is authorized, page cleaner thread priority can be changed. See the man page of setpriority().
2020-11-16T11:06:27.192942Z 0 [Note] InnoDB: Highest supported file format is Barracuda.
2020-11-16T11:06:27.217615Z 0 [Note] InnoDB: Log scan progressed past the checkpoint lsn 12605706
2020-11-16T11:06:27.220057Z 0 [Note] InnoDB: Doing recovery: scanned up to log sequence number 12605715
2020-11-16T11:06:27.222566Z 0 [Note] InnoDB: Database was not shutdown normally!
2020-11-16T11:06:27.224825Z 0 [Note] InnoDB: Starting crash recovery.
2020-11-16T11:06:27.729446Z 0 [Note] InnoDB: Removed temporary tablespace data file: "ibtmp1"
2020-11-16T11:06:27.732270Z 0 [Note] InnoDB: Creating shared tablespace for temporary tables
2020-11-16T11:06:27.742425Z 0 [Note] InnoDB: Setting file './ibtmp1' size to 12 MB. Physically writing the file full; Please wait ...
2020-11-16T11:06:27.982947Z 0 [Note] InnoDB: File './ibtmp1' size is now 12 MB.
2020-11-16T11:06:28.001426Z 0 [Note] InnoDB: 96 redo rollback segment(s) found. 96 redo rollback segment(s) are active.
2020-11-16T11:06:28.015544Z 0 [Note] InnoDB: 32 non-redo rollback segment(s) are active.
2020-11-16T11:06:28.019753Z 0 [Note] InnoDB: Waiting for purge to start
2020-11-16T11:06:28.081012Z 0 [Note] InnoDB: 5.7.32 started; log sequence number 12605715
2020-11-16T11:06:28.091099Z 0 [Note] InnoDB: Loading buffer pool(s) from /var/lib/mysql/ib_buffer_pool
2020-11-16T11:06:28.091153Z 0 [Note] Plugin 'FEDERATED' is disabled.
2020-11-16T11:06:28.291834Z 0 [Note] Found ca.pem, server-cert.pem and server-key.pem in data directory. Trying to enable SSL support using them.
2020-11-16T11:06:28.302371Z 0 [Note] Skipping generation of SSL certificates as certificate files are present in data directory.
2020-11-16T11:06:28.382016Z 0 [Warning] CA certificate ca.pem is self signed.
2020-11-16T11:06:28.387258Z 0 [Note] Skipping generation of RSA key pair as key files are present in data directory.
2020-11-16T11:06:28.396466Z 0 [Note] InnoDB: Buffer pool(s) load completed at 201116 20:06:28
2020-11-16T11:06:28.421445Z 0 [Note] Server hostname (bind-address): '*'; port: 3306
2020-11-16T11:06:28.423308Z 0 [Note] IPv6 is available.
2020-11-16T11:06:28.425560Z 0 [Note]   - '::' resolves to '::';
2020-11-16T11:06:28.426858Z 0 [Note] Server socket created on IP: '::'.
2020-11-16T11:06:28.435979Z 0 [Warning] Insecure configuration for --pid-file: Location '/var/run/mysqld' in the path is accessible to all OS users. Consider choosing a different directory.
2020-11-16T11:06:29.420521Z 0 [Note] Event Scheduler: Loaded 0 events
2020-11-16T11:06:29.422874Z 0 [Note] mysqld: ready for connections.
Version: '5.7.32'  socket: '/var/run/mysqld/mysqld.sock'  port: 3306  MySQL Community Server (GPL)
2020-11-17T06:26:03.686524Z 0 [Warning] TIMESTAMP with implicit DEFAULT value is deprecated. Please use --explicit_defaults_for_timestamp server option (see documentation for more details).
2020-11-17T06:26:03.718602Z 0 [Note] mysqld (mysqld 5.7.32) starting as process 1 ...
2020-11-17T06:26:03.749037Z 0 [Warning] Setting lower_case_table_names=2 because file system for /var/lib/mysql/ is case insensitive
2020-11-17T06:26:03.768184Z 0 [Note] InnoDB: PUNCH HOLE support available
2020-11-17T06:26:03.773817Z 0 [Note] InnoDB: Mutexes and rw_locks use GCC atomic builtins
2020-11-17T06:26:03.783856Z 0 [Note] InnoDB: Uses event mutexes
2020-11-17T06:26:03.788803Z 0 [Note] InnoDB: GCC builtin __atomic_thread_fence() is used for memory barrier
2020-11-17T06:26:03.790855Z 0 [Note] InnoDB: Compressed tables use zlib 1.2.11
2020-11-17T06:26:03.794923Z 0 [Note] InnoDB: Using Linux native AIO
2020-11-17T06:26:03.804461Z 0 [Note] InnoDB: Number of pools: 1
2020-11-17T06:26:03.824654Z 0 [Note] InnoDB: Using CPU crc32 instructions
2020-11-17T06:26:03.853177Z 0 [Note] InnoDB: Initializing buffer pool, total size = 128M, instances = 1, chunk size = 128M
2020-11-17T06:26:03.973574Z 0 [Note] InnoDB: Completed initialization of buffer pool
2020-11-17T06:26:03.985456Z 0 [Note] InnoDB: If the mysqld execution user is authorized, page cleaner thread priority can be changed. See the man page of setpriority().
2020-11-17T06:26:04.248736Z 0 [Note] InnoDB: Highest supported file format is Barracuda.
2020-11-17T06:26:04.346162Z 0 [Note] InnoDB: Log scan progressed past the checkpoint lsn 12605734
2020-11-17T06:26:04.350363Z 0 [Note] InnoDB: Doing recovery: scanned up to log sequence number 12605743
2020-11-17T06:26:04.352892Z 0 [Note] InnoDB: Database was not shutdown normally!
2020-11-17T06:26:04.356523Z 0 [Note] InnoDB: Starting crash recovery.
2020-11-17T06:26:05.109213Z 0 [Note] InnoDB: Removed temporary tablespace data file: "ibtmp1"
2020-11-17T06:26:05.114814Z 0 [Note] InnoDB: Creating shared tablespace for temporary tables
2020-11-17T06:26:05.125727Z 0 [Note] InnoDB: Setting file './ibtmp1' size to 12 MB. Physically writing the file full; Please wait ...
2020-11-17T06:26:05.423187Z 0 [Note] InnoDB: File './ibtmp1' size is now 12 MB.
2020-11-17T06:26:05.445596Z 0 [Note] InnoDB: 96 redo rollback segment(s) found. 96 redo rollback segment(s) are active.
2020-11-17T06:26:05.447932Z 0 [Note] InnoDB: 32 non-redo rollback segment(s) are active.
2020-11-17T06:26:05.454919Z 0 [Note] InnoDB: Waiting for purge to start
2020-11-17T06:26:05.525111Z 0 [Note] InnoDB: 5.7.32 started; log sequence number 12605743
2020-11-17T06:26:05.528413Z 0 [Note] InnoDB: Loading buffer pool(s) from /var/lib/mysql/ib_buffer_pool
2020-11-17T06:26:05.529476Z 0 [Note] Plugin 'FEDERATED' is disabled.
2020-11-17T06:26:05.743293Z 0 [Note] Found ca.pem, server-cert.pem and server-key.pem in data directory. Trying to enable SSL support using them.
2020-11-17T06:26:05.746738Z 0 [Note] Skipping generation of SSL certificates as certificate files are present in data directory.
2020-11-17T06:26:05.846923Z 0 [Warning] CA certificate ca.pem is self signed.
2020-11-17T06:26:05.858428Z 0 [Note] Skipping generation of RSA key pair as key files are present in data directory.
2020-11-17T06:26:05.965951Z 0 [Note] Server hostname (bind-address): '*'; port: 3306
2020-11-17T06:26:05.968214Z 0 [Note] IPv6 is available.
2020-11-17T06:26:05.983060Z 0 [Note]   - '::' resolves to '::';
2020-11-17T06:26:05.990341Z 0 [Note] Server socket created on IP: '::'.
2020-11-17T06:26:05.997548Z 0 [Note] InnoDB: Buffer pool(s) load completed at 201117 15:26:05
2020-11-17T06:26:06.025351Z 0 [Warning] Insecure configuration for --pid-file: Location '/var/run/mysqld' in the path is accessible to all OS users. Consider choosing a different directory.
2020-11-17T06:26:07.766792Z 0 [Note] Event Scheduler: Loaded 0 events
2020-11-17T06:26:07.770165Z 0 [Note] mysqld: ready for connections.
Version: '5.7.32'  socket: '/var/run/mysqld/mysqld.sock'  port: 3306  MySQL Community Server (GPL)
2020-11-18T12:12:23.781070Z 0 [Warning] TIMESTAMP with implicit DEFAULT value is deprecated. Please use --explicit_defaults_for_timestamp server option (see documentation for more details).
2020-11-18T12:12:23.806222Z 0 [Note] mysqld (mysqld 5.7.32) starting as process 1 ...
2020-11-18T12:12:23.832640Z 0 [Warning] Setting lower_case_table_names=2 because file system for /var/lib/mysql/ is case insensitive
2020-11-18T12:12:23.868269Z 0 [Note] InnoDB: PUNCH HOLE support available
2020-11-18T12:12:23.870235Z 0 [Note] InnoDB: Mutexes and rw_locks use GCC atomic builtins
2020-11-18T12:12:23.874662Z 0 [Note] InnoDB: Uses event mutexes
2020-11-18T12:12:23.878294Z 0 [Note] InnoDB: GCC builtin __atomic_thread_fence() is used for memory barrier
2020-11-18T12:12:23.881929Z 0 [Note] InnoDB: Compressed tables use zlib 1.2.11
2020-11-18T12:12:23.885326Z 0 [Note] InnoDB: Using Linux native AIO
2020-11-18T12:12:23.894422Z 0 [Note] InnoDB: Number of pools: 1
2020-11-18T12:12:23.910887Z 0 [Note] InnoDB: Using CPU crc32 instructions
2020-11-18T12:12:23.926590Z 0 [Note] InnoDB: Initializing buffer pool, total size = 128M, instances = 1, chunk size = 128M
2020-11-18T12:12:24.013787Z 0 [Note] InnoDB: Completed initialization of buffer pool
2020-11-18T12:12:24.051839Z 0 [Note] InnoDB: If the mysqld execution user is authorized, page cleaner thread priority can be changed. See the man page of setpriority().
2020-11-18T12:12:24.294162Z 0 [Note] InnoDB: Highest supported file format is Barracuda.
2020-11-18T12:12:24.332356Z 0 [Note] InnoDB: Log scan progressed past the checkpoint lsn 12605762
2020-11-18T12:12:24.334193Z 0 [Note] InnoDB: Doing recovery: scanned up to log sequence number 12605771
2020-11-18T12:12:24.335775Z 0 [Note] InnoDB: Database was not shutdown normally!
2020-11-18T12:12:24.337278Z 0 [Note] InnoDB: Starting crash recovery.
2020-11-18T12:12:25.132772Z 0 [Note] InnoDB: Removed temporary tablespace data file: "ibtmp1"
2020-11-18T12:12:25.139099Z 0 [Note] InnoDB: Creating shared tablespace for temporary tables
2020-11-18T12:12:25.164973Z 0 [Note] InnoDB: Setting file './ibtmp1' size to 12 MB. Physically writing the file full; Please wait ...
2020-11-18T12:12:25.466576Z 0 [Note] InnoDB: File './ibtmp1' size is now 12 MB.
2020-11-18T12:12:25.477923Z 0 [Note] InnoDB: 96 redo rollback segment(s) found. 96 redo rollback segment(s) are active.
2020-11-18T12:12:25.480169Z 0 [Note] InnoDB: 32 non-redo rollback segment(s) are active.
2020-11-18T12:12:25.483481Z 0 [Note] InnoDB: Waiting for purge to start
2020-11-18T12:12:25.536770Z 0 [Note] InnoDB: 5.7.32 started; log sequence number 12605771
2020-11-18T12:12:25.541758Z 0 [Note] InnoDB: Loading buffer pool(s) from /var/lib/mysql/ib_buffer_pool
2020-11-18T12:12:25.548723Z 0 [Note] Plugin 'FEDERATED' is disabled.
2020-11-18T12:12:25.762396Z 0 [Note] Found ca.pem, server-cert.pem and server-key.pem in data directory. Trying to enable SSL support using them.
2020-11-18T12:12:25.768816Z 0 [Note] Skipping generation of SSL certificates as certificate files are present in data directory.
2020-11-18T12:12:25.856156Z 0 [Warning] CA certificate ca.pem is self signed.
2020-11-18T12:12:25.858980Z 0 [Note] InnoDB: Buffer pool(s) load completed at 201118 21:12:25
2020-11-18T12:12:25.860845Z 0 [Note] Skipping generation of RSA key pair as key files are present in data directory.
2020-11-18T12:12:25.882400Z 0 [Note] Server hostname (bind-address): '*'; port: 3306
2020-11-18T12:12:25.888842Z 0 [Note] IPv6 is available.
2020-11-18T12:12:25.890873Z 0 [Note]   - '::' resolves to '::';
2020-11-18T12:12:25.893208Z 0 [Note] Server socket created on IP: '::'.
2020-11-18T12:12:25.900687Z 0 [Warning] Insecure configuration for --pid-file: Location '/var/run/mysqld' in the path is accessible to all OS users. Consider choosing a different directory.
2020-11-18T12:12:27.031547Z 0 [Note] Event Scheduler: Loaded 0 events
2020-11-18T12:12:27.034779Z 0 [Note] mysqld: ready for connections.
Version: '5.7.32'  socket: '/var/run/mysqld/mysqld.sock'  port: 3306  MySQL Community Server (GPL)
